<?xml version="1.0" encoding="UTF-8"?>
<testsuite xmlns:xsi="http://www.w3.org/2001/XMLSchema-instance" xsi:noNamespaceSchemaLocation="https://maven.apache.org/surefire/maven-surefire-plugin/xsd/surefire-test-report-3.0.xsd" version="3.0" name="ConsoleTest" time="0.101" tests="2" errors="0" skipped="0" failures="0">
  <properties>
[...]
</properties>
  <testcase name="testWithdraw" classname="ConsoleTest" time="0.071">
    <system-out><![CDATA[20:53:06.896 [main] DEBUG ConsoleTest -- Starting test for withdraw
]]></system-out>
  </testcase>
  <testcase name="testDeposit" classname="ConsoleTest" time="0.006">
    <system-out><![CDATA[20:53:06.907 [main] DEBUG ConsoleTest -- Starting test for deposit
]]></system-out>
  </testcase>
</testsuite>